<?xml version="1.0" encoding="UTF-8"?>
<testsuite xmlns:xsi="http://www.w3.org/2001/XMLSchema-instance" xsi:noNamespaceSchemaLocation="https://maven.apache.org/surefire/maven-surefire-plugin/xsd/surefire-test-report-3.0.xsd" version="3.0" name="com.examly.springapp.SpringappApplicationTests" time="4.123" tests="63" errors="0" skipped="0" failures="0">
  <properties>
[...]
</properties>
  <testcase name="Day3_test_Controller_Directory_Exists" classname="com.examly.springapp.SpringappApplicationTests" time="0.35">
    <system-out><![CDATA[11:25:07.829 [main] INFO org.springframework.test.context.support.AnnotationConfigContextLoaderUtils -- Could not detect default configuration classes for test class [com.examly.springapp.SpringappApplicationTests]: SpringappApplicationTests does not declare any static, non-private, non-final, nested classes annotated with @Configuration.
11:25:07.930 [main] INFO org.springframework.boot.test.context.SpringBootTestContextBootstrapper -- Found @SpringBootConfiguration com.examly.springapp.SpringappApplication for test class com.examly.springapp.SpringappApplicationTests
11:25:08.031 [main] INFO org.springframework.boot.devtools.restart.RestartApplicationListener -- Restart disabled due to context in which it is running

  .   ____          _            __ _ _
 /\\ / ___'_ __ _ _(_)_ __  __ _ \ \ \ \
( ( )\___ | '_ | '_| | '_ \/ _` | \ \ \ \
 \\/  ___)| |_)| | | | | || (_| |  ) ) ) )
  '  |____| .__|_| |_|_| |_\__, | / / / /
 =========|_|==============|___/=/_/_/_/

 :: Spring Boot ::               (v3.4.12)

2025-12-27T11:25:08.214Z  INFO 1021 --- [           main] c.e.springapp.SpringappApplicationTests  : Starting SpringappApplicationTests using Java 17.0.17 with PID 1021 (started by coder in /home/coder/project/workspace/springapp)
2025-12-27T11:25:08.216Z  INFO 1021 --- [           main] c.e.springapp.SpringappApplicationTests  : No active profile set, falling back to 1 default profile: "default"
2025-12-27T11:25:08.713Z  INFO 1021 --- [           main] .s.d.r.c.RepositoryConfigurationDelegate : Bootstrapping Spring Data JPA repositories in DEFAULT mode.
2025-12-27T11:25:08.757Z  INFO 1021 --- [           main] .s.d.r.c.RepositoryConfigurationDelegate : Finished Spring Data repository scanning in 37 ms. Found 5 JPA repository interfaces.
2025-12-27T11:25:09.034Z  INFO 1021 --- [           main] o.hibernate.jpa.internal.util.LogHelper  : HHH000204: Processing PersistenceUnitInfo [name: default]
2025-12-27T11:25:09.106Z  INFO 1021 --- [           main] org.hibernate.Version                    : HHH000412: Hibernate ORM core version 6.6.36.Final
2025-12-27T11:25:09.127Z  INFO 1021 --- [           main] o.h.c.internal.RegionFactoryInitiator    : HHH000026: Second-level cache disabled
2025-12-27T11:25:09.312Z  INFO 1021 --- [           main] o.s.o.j.p.SpringPersistenceUnitInfo      : No LoadTimeWeaver setup: ignoring JPA class transformer
2025-12-27T11:25:09.332Z  INFO 1021 --- [           main] com.zaxxer.hikari.HikariDataSource       : HikariPool-1 - Starting...
2025-12-27T11:25:09.470Z  INFO 1021 --- [           main] com.zaxxer.hikari.pool.HikariPool        : HikariPool-1 - Added connection com.mysql.cj.jdbc.ConnectionImpl@5e3d2765
2025-12-27T11:25:09.471Z  INFO 1021 --- [           main] com.zaxxer.hikari.HikariDataSource       : HikariPool-1 - Start completed.
2025-12-27T11:25:09.486Z  WARN 1021 --- [           main] org.hibernate.orm.deprecation            : HHH90000025: MySQL8Dialect does not need to be specified explicitly using 'hibernate.dialect' (remove the property setting and it will be selected by default)
2025-12-27T11:25:09.487Z  WARN 1021 --- [           main] org.hibernate.orm.deprecation            : HHH90000026: MySQL8Dialect has been deprecated; use org.hibernate.dialect.MySQLDialect instead
2025-12-27T11:25:09.501Z  INFO 1021 --- [           main] org.hibernate.orm.connections.pooling    : HHH10001005: Database info:
	Database JDBC URL [Connecting through datasource 'HikariDataSource (HikariPool-1)']
	Database driver: undefined/unknown
	Database version: 8.0
	Autocommit mode: undefined/unknown
	Isolation level: undefined/unknown
	Minimum pool size: undefined/unknown
	Maximum pool size: undefined/unknown
2025-12-27T11:25:10.050Z  INFO 1021 --- [           main] o.h.e.t.j.p.i.JtaPlatformInitiator       : HHH000489: No JTA platform available (set 'hibernate.transaction.jta.platform' to enable JTA platform integration)
Hibernate: drop table if exists category
Hibernate: drop table if exists comment
Hibernate: drop table if exists project
Hibernate: drop table if exists ticket
Hibernate: drop table if exists user
Hibernate: create table category (category_id integer not null auto_increment, category_name varchar(255), description varchar(255), primary key (category_id)) engine=InnoDB
Hibernate: create table comment (comment_id bigint not null, content varchar(255), created_date varchar(255), ticket varchar(255), primary key (comment_id)) engine=InnoDB
Hibernate: create table project (id integer not null auto_increment, description varchar(255), project_name varchar(255), status varchar(255), primary key (id)) engine=InnoDB
Hibernate: create table ticket (ticket_id bigint not null, assigned_to varchar(255), description varchar(255), status varchar(255), subject varchar(255), primary key (ticket_id)) engine=InnoDB
Hibernate: create table user (user_id integer not null auto_increment, email varchar(255), full_name varchar(255), role varchar(255), username varchar(255), primary key (user_id)) engine=InnoDB
2025-12-27T11:25:10.286Z  INFO 1021 --- [           main] j.LocalContainerEntityManagerFactoryBean : Initialized JPA EntityManagerFactory for persistence unit 'default'
2025-12-27T11:25:10.599Z  WARN 1021 --- [           main] JpaBaseConfiguration$JpaWebConfiguration : spring.jpa.open-in-view is enabled by default. Therefore, database queries may be performed during view rendering. Explicitly configure spring.jpa.open-in-view to disable this warning
2025-12-27T11:25:10.879Z  INFO 1021 --- [           main] o.s.b.t.m.w.SpringBootMockServletContext : Initializing Spring TestDispatcherServlet ''
2025-12-27T11:25:10.879Z  INFO 1021 --- [           main] o.s.t.web.servlet.TestDispatcherServlet  : Initializing Servlet ''
2025-12-27T11:25:10.880Z  INFO 1021 --- [           main] o.s.t.web.servlet.TestDispatcherServlet  : Completed initialization in 0 ms
2025-12-27T11:25:10.900Z  INFO 1021 --- [           main] c.e.springapp.SpringappApplicationTests  : Started SpringappApplicationTests in 2.877 seconds (process running for 3.57)
]]></system-out>
  </testcase>
  <testcase name="Day3_test_Model_Directory_Exists" classname="com.examly.springapp.SpringappApplicationTests" time="0.003"/>
  <testcase name="Day3_test_Service_Directory_Exists" classname="com.examly.springapp.SpringappApplicationTests" time="0.002"/>
  <testcase name="Day3_test_Repository_Directory_Exists" classname="com.examly.springapp.SpringappApplicationTests" time="0.003"/>
  <testcase name="Day4_test_UserModel_File_Exists" classname="com.examly.springapp.SpringappApplicationTests" time="0.003"/>
  <testcase name="Day4_test_ProjectModel_File_Exists" classname="com.examly.springapp.SpringappApplicationTests" time="0.003"/>
  <testcase name="Day4_test_Ticket_File_Exists" classname="com.examly.springapp.SpringappApplicationTests" time="0.002"/>
  <testcase name="Day4_test_Comment_File_Exists" classname="com.examly.springapp.SpringappApplicationTests" time="0.003"/>
  <testcase name="Day4_test_Category_File_Exists" classname="com.examly.springapp.SpringappApplicationTests" time="0.003"/>
  <testcase name="Day4_test_Ticket_Has_Entity_Annotation" classname="com.examly.springapp.SpringappApplicationTests" time="0.003"/>
  <testcase name="test_Ticket_Has_Id_Annotation_On_Field" classname="com.examly.springapp.SpringappApplicationTests" time="0.002"/>
  <testcase name="Day5_testUserRepo_File_Exists" classname="com.examly.springapp.SpringappApplicationTests" time="0.002"/>
  <testcase name="Day5_testProjectRepo_File_Exists" classname="com.examly.springapp.SpringappApplicationTests" time="0.002"/>
  <testcase name="Day5_testTicketRepo_File_Exists" classname="com.examly.springapp.SpringappApplicationTests" time="0.003"/>
  <testcase name="Day5_testCommentRepo_File_Exists" classname="com.examly.springapp.SpringappApplicationTests" time="0.003"/>
  <testcase name="Day5_testCategoryRepo_File_Exists" classname="com.examly.springapp.SpringappApplicationTests" time="0.003"/>
  <testcase name="Day5_test_TicketRepo_Has_Repository_Annotation" classname="com.examly.springapp.SpringappApplicationTests" time="0.002"/>
  <testcase name="Day5_test_UserRepo_Has_Repository_Annotation" classname="com.examly.springapp.SpringappApplicationTests" time="0.002"/>
  <testcase name="Day6_test_UserController_File_Exists" classname="com.examly.springapp.SpringappApplicationTests" time="0.002"/>
  <testcase name="Day6_test_ProjectController_File_Exists" classname="com.examly.springapp.SpringappApplicationTests" time="0.002"/>
  <testcase name="Day6_test_TicketController_File_Exists" classname="com.examly.springapp.SpringappApplicationTests" time="0.002"/>
  <testcase name="Day6_test_UserController_Has_RestController_Annotation" classname="com.examly.springapp.SpringappApplicationTests" time="0.002"/>
  <testcase name="Day6_test_TicketController_Has_RestController_Annotation" classname="com.examly.springapp.SpringappApplicationTests" time="0.002"/>
  <testcase name="Day6_test_UserController_Has_PostMapping" classname="com.examly.springapp.SpringappApplicationTests" time="0.002"/>
  <testcase name="Day6_test_UserController_Has_GetMapping" classname="com.examly.springapp.SpringappApplicationTests" time="0.002"/>
  <testcase name="Day6_test_UserController_Has_PutMapping" classname="com.examly.springapp.SpringappApplicationTests" time="0.003"/>
  <testcase name="Day7_test_UserController_Has_RequestMapping" classname="com.examly.springapp.SpringappApplicationTests" time="0.002"/>
  <testcase name="Day7_test_UserController_Has_PathVariable" classname="com.examly.springapp.SpringappApplicationTests" time="0.003"/>
  <testcase name="Day7_test_TicketController_Has_RequestMapping" classname="com.examly.springapp.SpringappApplicationTests" time="0.002"/>
  <testcase name="Day7_test_ProjectController_Has_RequestMapping" classname="com.examly.springapp.SpringappApplicationTests" time="0.002"/>
  <testcase name="Day7_test_TicketController_Has_PathVariable" classname="com.examly.springapp.SpringappApplicationTests" time="0.002"/>
  <testcase name="Day7_test_ProjectController_Has_PathVariable" classname="com.examly.springapp.SpringappApplicationTests" time="0.002"/>
  <testcase name="Day7_test_CategoryController_Has_RequestMapping" classname="com.examly.springapp.SpringappApplicationTests" time="0.002"/>
  <testcase name="Day8_test_UserService_File_Exists" classname="com.examly.springapp.SpringappApplicationTests" time="0.002"/>
  <testcase name="Day8_test_ProjectService_File_Exists" classname="com.examly.springapp.SpringappApplicationTests" time="0.002"/>
  <testcase name="Day8_test_TicketService_File_Exists" classname="com.examly.springapp.SpringappApplicationTests" time="0.002"/>
  <testcase name="Day8_testAddUser" classname="com.examly.springapp.SpringappApplicationTests" time="0.183">
    <system-out><![CDATA[Hibernate: insert into user (email,full_name,role,username) values (?,?,?,?)
]]></system-out>
  </testcase>
  <testcase name="Day8_testGetAllUsers" classname="com.examly.springapp.SpringappApplicationTests" time="0.073">
    <system-out><![CDATA[Hibernate: select u1_0.user_id,u1_0.email,u1_0.full_name,u1_0.role,u1_0.username from user u1_0
]]></system-out>
  </testcase>
  <testcase name="Day8_testGetUserById" classname="com.examly.springapp.SpringappApplicationTests" time="0.015">
    <system-out><![CDATA[Hibernate: select u1_0.user_id,u1_0.email,u1_0.full_name,u1_0.role,u1_0.username from user u1_0 where u1_0.user_id=?
]]></system-out>
  </testcase>
  <testcase name="Day8_testUpdateUser" classname="com.examly.springapp.SpringappApplicationTests" time="0.018">
    <system-out><![CDATA[Hibernate: select u1_0.user_id,u1_0.email,u1_0.full_name,u1_0.role,u1_0.username from user u1_0 where u1_0.user_id=?
Hibernate: update user set email=?,full_name=?,role=?,username=? where user_id=?
]]></system-out>
  </testcase>
  <testcase name="Day9_testPagination_PageNumberApplied" classname="com.examly.springapp.SpringappApplicationTests" time="0.022">
    <system-out><![CDATA[Hibernate: select u1_0.user_id,u1_0.email,u1_0.full_name,u1_0.role,u1_0.username from user u1_0 limit ?,?
2025-12-27T11:25:11.664Z  WARN 1021 --- [           main] ration$PageModule$WarningLoggingModifier : Serializing PageImpl instances as-is is not supported, meaning that there is no guarantee about the stability of the resulting JSON structure!
	For a stable JSON structure, please use Spring Data's PagedModel (globally via @EnableSpringDataWebSupport(pageSerializationMode = VIA_DTO))
	or Spring HATEOAS and Spring Data's PagedResourcesAssembler as documented in https://docs.spring.io/spring-data/commons/reference/repositories/core-extensions.html#core.web.pageables.

]]></system-out>
  </testcase>
  <testcase name="Day9_testPagination_PageSizeApplied" classname="com.examly.springapp.SpringappApplicationTests" time="0.012">
    <system-out><![CDATA[Hibernate: select u1_0.user_id,u1_0.email,u1_0.full_name,u1_0.role,u1_0.username from user u1_0 limit ?,?
Hibernate: select count(u1_0.user_id) from user u1_0
]]></system-out>
  </testcase>
  <testcase name="Day9_testPagination_SortingPresent" classname="com.examly.springapp.SpringappApplicationTests" time="0.01">
    <system-out><![CDATA[Hibernate: select u1_0.user_id,u1_0.email,u1_0.full_name,u1_0.role,u1_0.username from user u1_0 limit ?,?
]]></system-out>
  </testcase>
  <testcase name="Day9_testPagination_ContentArrayExists" classname="com.examly.springapp.SpringappApplicationTests" time="0.007">
    <system-out><![CDATA[Hibernate: select u1_0.user_id,u1_0.email,u1_0.full_name,u1_0.role,u1_0.username from user u1_0 limit ?,?
]]></system-out>
  </testcase>
  <testcase name="Day9_testPagination_TotalElementsExists" classname="com.examly.springapp.SpringappApplicationTests" time="0.008">
    <system-out><![CDATA[Hibernate: select u1_0.user_id,u1_0.email,u1_0.full_name,u1_0.role,u1_0.username from user u1_0 limit ?,?
]]></system-out>
  </testcase>
  <testcase name="Day9_testPagination_TotalPagesExists" classname="com.examly.springapp.SpringappApplicationTests" time="0.007">
    <system-out><![CDATA[Hibernate: select u1_0.user_id,u1_0.email,u1_0.full_name,u1_0.role,u1_0.username from user u1_0 limit ?,?
]]></system-out>
  </testcase>
  <testcase name="Day10_testAddProject" classname="com.examly.springapp.SpringappApplicationTests" time="0.011">
    <system-out><![CDATA[Hibernate: insert into project (description,project_name,status) values (?,?,?)
]]></system-out>
  </testcase>
  <testcase name="Day10_testGetAllProjects" classname="com.examly.springapp.SpringappApplicationTests" time="0.007">
    <system-out><![CDATA[Hibernate: select p1_0.id,p1_0.description,p1_0.project_name,p1_0.status from project p1_0
]]></system-out>
  </testcase>
  <testcase name="Day10_testGetProjectById" classname="com.examly.springapp.SpringappApplicationTests" time="0.006">
    <system-out><![CDATA[Hibernate: select p1_0.id,p1_0.description,p1_0.project_name,p1_0.status from project p1_0 where p1_0.id=?
]]></system-out>
  </testcase>
  <testcase name="Day10_testUpdateProject" classname="com.examly.springapp.SpringappApplicationTests" time="0.009">
    <system-out><![CDATA[Hibernate: select p1_0.id,p1_0.description,p1_0.project_name,p1_0.status from project p1_0 where p1_0.id=?
Hibernate: update project set description=?,project_name=?,status=? where id=?
]]></system-out>
  </testcase>
  <testcase name="Day10_testAddCategory" classname="com.examly.springapp.SpringappApplicationTests" time="0.01">
    <system-out><![CDATA[Hibernate: insert into category (category_name,description) values (?,?)
]]></system-out>
  </testcase>
  <testcase name="Day10_testGetAllCategories" classname="com.examly.springapp.SpringappApplicationTests" time="0.007">
    <system-out><![CDATA[Hibernate: select c1_0.category_id,c1_0.category_name,c1_0.description from category c1_0
]]></system-out>
  </testcase>
  <testcase name="Day10_testGetCategoryById" classname="com.examly.springapp.SpringappApplicationTests" time="0.006">
    <system-out><![CDATA[Hibernate: select c1_0.category_id,c1_0.category_name,c1_0.description from category c1_0 where c1_0.category_id=?
]]></system-out>
  </testcase>
  <testcase name="Day11_testGetProjectsByStatus" classname="com.examly.springapp.SpringappApplicationTests" time="0.019">
    <system-out><![CDATA[Hibernate: select p1_0.id,p1_0.description,p1_0.project_name,p1_0.status from project p1_0 where p1_0.status=?
]]></system-out>
  </testcase>
  <testcase name="Day12_testGetUsersByRole" classname="com.examly.springapp.SpringappApplicationTests" time="0.007">
    <system-out><![CDATA[Hibernate: select u1_0.user_id,u1_0.email,u1_0.full_name,u1_0.role,u1_0.username from user u1_0 where u1_0.role=?
]]></system-out>
  </testcase>
  <testcase name="Day12_testGetUserByEmail" classname="com.examly.springapp.SpringappApplicationTests" time="0.017">
    <system-out><![CDATA[Hibernate: select u1_0.user_id,u1_0.email,u1_0.full_name,u1_0.role,u1_0.username from user u1_0 where u1_0.email=?
]]></system-out>
  </testcase>
  <testcase name="Day12_testGetProjectsByStatus_NotFound" classname="com.examly.springapp.SpringappApplicationTests" time="0.007">
    <system-out><![CDATA[Hibernate: select p1_0.id,p1_0.description,p1_0.project_name,p1_0.status from project p1_0 where p1_0.status=?
]]></system-out>
  </testcase>
  <testcase name="Day12_testGetUsersByRole_NotFound" classname="com.examly.springapp.SpringappApplicationTests" time="0.006">
    <system-out><![CDATA[Hibernate: select u1_0.user_id,u1_0.email,u1_0.full_name,u1_0.role,u1_0.username from user u1_0 where u1_0.role=?
]]></system-out>
  </testcase>
  <testcase name="Day12_testGetUserByEmail_NotFound" classname="com.examly.springapp.SpringappApplicationTests" time="0.005">
    <system-out><![CDATA[Hibernate: select u1_0.user_id,u1_0.email,u1_0.full_name,u1_0.role,u1_0.username from user u1_0 where u1_0.email=?
]]></system-out>
  </testcase>
  <testcase name="Day13_test_exception_Directory_Exists" classname="com.examly.springapp.SpringappApplicationTests" time="0.002"/>
  <testcase name="Day13_test_GlobalException_File_Exists" classname="com.examly.springapp.SpringappApplicationTests" time="0.002"/>
  <testcase name="Day14_test_configuration_Directory_Exists" classname="com.examly.springapp.SpringappApplicationTests" time="0.001"/>
  <testcase name="Day15_testAOPLogFileExists" classname="com.examly.springapp.SpringappApplicationTests" time="0.002"/>
</testsuite>